{"C:/Users/ThinkPad T480/Desktop/weather-app/src/App.tsx": {"path":"C:/Users/ThinkPad T480/Desktop/weather-app/src/App.tsx","statementMap":{"0":{"start":{"line":27,"column":12},"end":{"line":170,"column":null}},"1":{"start":{"line":28,"column":26},"end":{"line":28,"column":null}},"2":{"start":{"line":29,"column":32},"end":{"line":29,"column":null}},"3":{"start":{"line":30,"column":34},"end":{"line":30,"column":null}},"4":{"start":{"line":31,"column":32},"end":{"line":31,"column":null}},"5":{"start":{"line":32,"column":28},"end":{"line":32,"column":null}},"6":{"start":{"line":33,"column":36},"end":{"line":33,"column":null}},"7":{"start":{"line":34,"column":26},"end":{"line":34,"column":null}},"8":{"start":{"line":35,"column":36},"end":{"line":35,"column":null}},"9":{"start":{"line":36,"column":19},"end":{"line":36,"column":null}},"10":{"start":{"line":39,"column":29},"end":{"line":53,"column":null}},"11":{"start":{"line":40,"column":4},"end":{"line":52,"column":null}},"12":{"start":{"line":41,"column":6},"end":{"line":41,"column":null}},"13":{"start":{"line":42,"column":4},"end":{"line":52,"column":null}},"14":{"start":{"line":43,"column":6},"end":{"line":43,"column":null}},"15":{"start":{"line":44,"column":4},"end":{"line":52,"column":null}},"16":{"start":{"line":45,"column":6},"end":{"line":45,"column":null}},"17":{"start":{"line":46,"column":4},"end":{"line":52,"column":null}},"18":{"start":{"line":47,"column":6},"end":{"line":47,"column":null}},"19":{"start":{"line":48,"column":4},"end":{"line":52,"column":null}},"20":{"start":{"line":49,"column":6},"end":{"line":49,"column":null}},"21":{"start":{"line":51,"column":6},"end":{"line":51,"column":null}},"22":{"start":{"line":56,"column":2},"end":{"line":65,"column":null}},"23":{"start":{"line":57,"column":24},"end":{"line":63,"column":null}},"24":{"start":{"line":58,"column":6},"end":{"line":62,"column":null}},"25":{"start":{"line":59,"column":8},"end":{"line":59,"column":null}},"26":{"start":{"line":61,"column":8},"end":{"line":61,"column":null}},"27":{"start":{"line":64,"column":4},"end":{"line":64,"column":null}},"28":{"start":{"line":64,"column":17},"end":{"line":64,"column":null}},"29":{"start":{"line":68,"column":2},"end":{"line":96,"column":null}},"30":{"start":{"line":69,"column":4},"end":{"line":69,"column":null}},"31":{"start":{"line":70,"column":4},"end":{"line":95,"column":null}},"32":{"start":{"line":71,"column":6},"end":{"line":91,"column":null}},"33":{"start":{"line":73,"column":42},"end":{"line":73,"column":null}},"34":{"start":{"line":74,"column":10},"end":{"line":85,"column":null}},"35":{"start":{"line":75,"column":32},"end":{"line":75,"column":null}},"36":{"start":{"line":76,"column":33},"end":{"line":76,"column":null}},"37":{"start":{"line":77,"column":12},"end":{"line":77,"column":null}},"38":{"start":{"line":78,"column":12},"end":{"line":78,"column":null}},"39":{"start":{"line":79,"column":12},"end":{"line":79,"column":null}},"40":{"start":{"line":82,"column":12},"end":{"line":82,"column":null}},"41":{"start":{"line":84,"column":12},"end":{"line":84,"column":null}},"42":{"start":{"line":88,"column":10},"end":{"line":88,"column":null}},"43":{"start":{"line":89,"column":10},"end":{"line":89,"column":null}},"44":{"start":{"line":93,"column":6},"end":{"line":93,"column":null}},"45":{"start":{"line":94,"column":6},"end":{"line":94,"column":null}},"46":{"start":{"line":99,"column":23},"end":{"line":116,"column":null}},"47":{"start":{"line":100,"column":4},"end":{"line":100,"column":null}},"48":{"start":{"line":100,"column":15},"end":{"line":100,"column":null}},"49":{"start":{"line":101,"column":4},"end":{"line":101,"column":null}},"50":{"start":{"line":102,"column":4},"end":{"line":115,"column":null}},"51":{"start":{"line":103,"column":26},"end":{"line":103,"column":null}},"52":{"start":{"line":104,"column":27},"end":{"line":104,"column":null}},"53":{"start":{"line":105,"column":20},"end":{"line":105,"column":null}},"54":{"start":{"line":106,"column":6},"end":{"line":106,"column":null}},"55":{"start":{"line":107,"column":6},"end":{"line":107,"column":null}},"56":{"start":{"line":108,"column":6},"end":{"line":108,"column":null}},"57":{"start":{"line":109,"column":6},"end":{"line":109,"column":null}},"58":{"start":{"line":112,"column":6},"end":{"line":112,"column":null}},"59":{"start":{"line":114,"column":6},"end":{"line":114,"column":null}},"60":{"start":{"line":119,"column":23},"end":{"line":126,"column":null}},"61":{"start":{"line":120,"column":4},"end":{"line":125,"column":null}},"62":{"start":{"line":121,"column":6},"end":{"line":121,"column":null}},"63":{"start":{"line":122,"column":6},"end":{"line":122,"column":null}},"64":{"start":{"line":124,"column":6},"end":{"line":124,"column":null}},"65":{"start":{"line":128,"column":2},"end":{"line":168,"column":null}}},"fnMap":{"0":{"name":"(anonymous_0)","decl":{"start":{"line":27,"column":12},"end":{"line":27,"column":18}},"loc":{"start":{"line":27,"column":18},"end":{"line":170,"column":null}}},"1":{"name":"(anonymous_1)","decl":{"start":{"line":39,"column":29},"end":{"line":39,"column":30}},"loc":{"start":{"line":39,"column":47},"end":{"line":53,"column":null}}},"2":{"name":"(anonymous_2)","decl":{"start":{"line":56,"column":12},"end":{"line":56,"column":18}},"loc":{"start":{"line":56,"column":18},"end":{"line":65,"column":5}}},"3":{"name":"(anonymous_3)","decl":{"start":{"line":57,"column":48},"end":{"line":57,"column":49}},"loc":{"start":{"line":57,"column":58},"end":{"line":63,"column":5}}},"4":{"name":"(anonymous_4)","decl":{"start":{"line":64,"column":11},"end":{"line":64,"column":17}},"loc":{"start":{"line":64,"column":17},"end":{"line":64,"column":null}}},"5":{"name":"(anonymous_5)","decl":{"start":{"line":68,"column":12},"end":{"line":68,"column":18}},"loc":{"start":{"line":68,"column":18},"end":{"line":96,"column":5}}},"6":{"name":"(anonymous_6)","decl":{"start":{"line":72,"column":8},"end":{"line":72,"column":15}},"loc":{"start":{"line":72,"column":28},"end":{"line":86,"column":null}}},"7":{"name":"(anonymous_7)","decl":{"start":{"line":87,"column":8},"end":{"line":87,"column":14}},"loc":{"start":{"line":87,"column":14},"end":{"line":90,"column":null}}},"8":{"name":"(anonymous_8)","decl":{"start":{"line":99,"column":23},"end":{"line":99,"column":35}},"loc":{"start":{"line":99,"column":35},"end":{"line":116,"column":null}}},"9":{"name":"(anonymous_9)","decl":{"start":{"line":119,"column":23},"end":{"line":119,"column":35}},"loc":{"start":{"line":119,"column":35},"end":{"line":126,"column":null}}}},"branchMap":{"0":{"loc":{"start":{"line":40,"column":4},"end":{"line":52,"column":null}},"type":"if","locations":[{"start":{"line":40,"column":4},"end":{"line":52,"column":null}},{"start":{"line":42,"column":4},"end":{"line":52,"column":null}}]},"1":{"loc":{"start":{"line":40,"column":8},"end":{"line":40,"column":42}},"type":"binary-expr","locations":[{"start":{"line":40,"column":8},"end":{"line":40,"column":26}},{"start":{"line":40,"column":26},"end":{"line":40,"column":42}}]},"2":{"loc":{"start":{"line":42,"column":4},"end":{"line":52,"column":null}},"type":"if","locations":[{"start":{"line":42,"column":4},"end":{"line":52,"column":null}},{"start":{"line":44,"column":4},"end":{"line":52,"column":null}}]},"3":{"loc":{"start":{"line":42,"column":15},"end":{"line":42,"column":88}},"type":"binary-expr","locations":[{"start":{"line":42,"column":15},"end":{"line":42,"column":40}},{"start":{"line":42,"column":40},"end":{"line":42,"column":65}},{"start":{"line":42,"column":65},"end":{"line":42,"column":88}}]},"4":{"loc":{"start":{"line":44,"column":4},"end":{"line":52,"column":null}},"type":"if","locations":[{"start":{"line":44,"column":4},"end":{"line":52,"column":null}},{"start":{"line":46,"column":4},"end":{"line":52,"column":null}}]},"5":{"loc":{"start":{"line":44,"column":15},"end":{"line":44,"column":63}},"type":"binary-expr","locations":[{"start":{"line":44,"column":15},"end":{"line":44,"column":40}},{"start":{"line":44,"column":40},"end":{"line":44,"column":63}}]},"6":{"loc":{"start":{"line":46,"column":4},"end":{"line":52,"column":null}},"type":"if","locations":[{"start":{"line":46,"column":4},"end":{"line":52,"column":null}},{"start":{"line":48,"column":4},"end":{"line":52,"column":null}}]},"7":{"loc":{"start":{"line":48,"column":4},"end":{"line":52,"column":null}},"type":"if","locations":[{"start":{"line":48,"column":4},"end":{"line":52,"column":null}},{"start":{"line":50,"column":11},"end":{"line":52,"column":null}}]},"8":{"loc":{"start":{"line":58,"column":6},"end":{"line":62,"column":null}},"type":"if","locations":[{"start":{"line":58,"column":6},"end":{"line":62,"column":null}},{"start":{"line":60,"column":13},"end":{"line":62,"column":null}}]},"9":{"loc":{"start":{"line":70,"column":4},"end":{"line":95,"column":null}},"type":"if","locations":[{"start":{"line":70,"column":4},"end":{"line":95,"column":null}},{"start":{"line":92,"column":11},"end":{"line":95,"column":null}}]},"10":{"loc":{"start":{"line":100,"column":4},"end":{"line":100,"column":null}},"type":"if","locations":[{"start":{"line":100,"column":4},"end":{"line":100,"column":null}},{"start":{},"end":{}}]},"11":{"loc":{"start":{"line":131,"column":8},"end":{"line":131,"column":null}},"type":"cond-expr","locations":[{"start":{"line":131,"column":18},"end":{"line":131,"column":64}},{"start":{"line":131,"column":64},"end":{"line":131,"column":null}}]},"12":{"loc":{"start":{"line":135,"column":7},"end":{"line":136,"column":null}},"type":"binary-expr","locations":[{"start":{"line":135,"column":7},"end":{"line":135,"column":null}},{"start":{"line":136,"column":8},"end":{"line":136,"column":null}}]},"13":{"loc":{"start":{"line":147,"column":9},"end":{"line":147,"column":null}},"type":"binary-expr","locations":[{"start":{"line":147,"column":9},"end":{"line":147,"column":18}},{"start":{"line":147,"column":18},"end":{"line":147,"column":null}}]},"14":{"loc":{"start":{"line":150,"column":9},"end":{"line":162,"column":null}},"type":"binary-expr","locations":[{"start":{"line":150,"column":9},"end":{"line":150,"column":null}},{"start":{"line":151,"column":10},"end":{"line":162,"column":null}}]},"15":{"loc":{"start":{"line":151,"column":34},"end":{"line":151,"column":101}},"type":"cond-expr","locations":[{"start":{"line":151,"column":46},"end":{"line":151,"column":88}},{"start":{"line":151,"column":88},"end":{"line":151,"column":101}}]},"16":{"loc":{"start":{"line":153,"column":13},"end":{"line":160,"column":null}},"type":"binary-expr","locations":[{"start":{"line":153,"column":13},"end":{"line":153,"column":null}},{"start":{"line":154,"column":14},"end":{"line":160,"column":null}}]},"17":{"loc":{"start":{"line":166,"column":9},"end":{"line":166,"column":null}},"type":"binary-expr","locations":[{"start":{"line":166,"column":9},"end":{"line":166,"column":32}},{"start":{"line":166,"column":32},"end":{"line":166,"column":null}}]}},"s":{"0":0,"1":0,"2":0,"3":0,"4":0,"5":0,"6":0,"7":0,"8":0,"9":0,"10":0,"11":0,"12":0,"13":0,"14":0,"15":0,"16":0,"17":0,"18":0,"19":0,"20":0,"21":0,"22":0,"23":0,"24":0,"25":0,"26":0,"27":0,"28":0,"29":0,"30":0,"31":0,"32":0,"33":0,"34":0,"35":0,"36":0,"37":0,"38":0,"39":0,"40":0,"41":0,"42":0,"43":0,"44":0,"45":0,"46":0,"47":0,"48":0,"49":0,"50":0,"51":0,"52":0,"53":0,"54":0,"55":0,"56":0,"57":0,"58":0,"59":0,"60":0,"61":0,"62":0,"63":0,"64":0,"65":0},"f":{"0":0,"1":0,"2":0,"3":0,"4":0,"5":0,"6":0,"7":0,"8":0,"9":0},"b":{"0":[0,0],"1":[0,0],"2":[0,0],"3":[0,0,0],"4":[0,0],"5":[0,0],"6":[0,0],"7":[0,0],"8":[0,0],"9":[0,0],"10":[0,0],"11":[0,0],"12":[0,0],"13":[0,0],"14":[0,0],"15":[0,0],"16":[0,0],"17":[0,0]}}
,"C:/Users/ThinkPad T480/Desktop/weather-app/src/firebaseConfig.ts": {"path":"C:/Users/ThinkPad T480/Desktop/weather-app/src/firebaseConfig.ts","statementMap":{"0":{"start":{"line":5,"column":23},"end":{"line":12,"column":null}},"1":{"start":{"line":13,"column":12},"end":{"line":13,"column":null}},"2":{"start":{"line":14,"column":13},"end":{"line":14,"column":null}}},"fnMap":{},"branchMap":{},"s":{"0":2,"1":2,"2":2},"f":{},"b":{}}
,"C:/Users/ThinkPad T480/Desktop/weather-app/src/components/Auth.tsx": {"path":"C:/Users/ThinkPad T480/Desktop/weather-app/src/components/Auth.tsx","statementMap":{"0":{"start":{"line":5,"column":13},"end":{"line":60,"column":null}},"1":{"start":{"line":6,"column":26},"end":{"line":6,"column":null}},"2":{"start":{"line":8,"column":2},"end":{"line":13,"column":null}},"3":{"start":{"line":9,"column":24},"end":{"line":11,"column":null}},"4":{"start":{"line":10,"column":6},"end":{"line":10,"column":null}},"5":{"start":{"line":12,"column":4},"end":{"line":12,"column":null}},"6":{"start":{"line":12,"column":17},"end":{"line":12,"column":null}},"7":{"start":{"line":15,"column":28},"end":{"line":18,"column":null}},"8":{"start":{"line":16,"column":21},"end":{"line":16,"column":null}},"9":{"start":{"line":17,"column":4},"end":{"line":17,"column":null}},"10":{"start":{"line":20,"column":28},"end":{"line":23,"column":null}},"11":{"start":{"line":21,"column":21},"end":{"line":21,"column":null}},"12":{"start":{"line":22,"column":4},"end":{"line":22,"column":null}},"13":{"start":{"line":25,"column":23},"end":{"line":27,"column":null}},"14":{"start":{"line":26,"column":4},"end":{"line":26,"column":null}},"15":{"start":{"line":29,"column":2},"end":{"line":58,"column":null}}},"fnMap":{"0":{"name":"(anonymous_0)","decl":{"start":{"line":5,"column":13},"end":{"line":5,"column":19}},"loc":{"start":{"line":5,"column":19},"end":{"line":60,"column":null}}},"1":{"name":"(anonymous_1)","decl":{"start":{"line":8,"column":12},"end":{"line":8,"column":18}},"loc":{"start":{"line":8,"column":18},"end":{"line":13,"column":5}}},"2":{"name":"(anonymous_2)","decl":{"start":{"line":9,"column":48},"end":{"line":9,"column":49}},"loc":{"start":{"line":9,"column":58},"end":{"line":11,"column":5}}},"3":{"name":"(anonymous_3)","decl":{"start":{"line":12,"column":11},"end":{"line":12,"column":17}},"loc":{"start":{"line":12,"column":17},"end":{"line":12,"column":null}}},"4":{"name":"(anonymous_4)","decl":{"start":{"line":15,"column":28},"end":{"line":15,"column":40}},"loc":{"start":{"line":15,"column":40},"end":{"line":18,"column":null}}},"5":{"name":"(anonymous_5)","decl":{"start":{"line":20,"column":28},"end":{"line":20,"column":40}},"loc":{"start":{"line":20,"column":40},"end":{"line":23,"column":null}}},"6":{"name":"(anonymous_6)","decl":{"start":{"line":25,"column":23},"end":{"line":25,"column":35}},"loc":{"start":{"line":25,"column":35},"end":{"line":27,"column":null}}}},"branchMap":{"0":{"loc":{"start":{"line":31,"column":7},"end":{"line":56,"column":null}},"type":"cond-expr","locations":[{"start":{"line":32,"column":8},"end":{"line":41,"column":null}},{"start":{"line":43,"column":8},"end":{"line":56,"column":null}}]},"1":{"loc":{"start":{"line":34,"column":46},"end":{"line":34,"column":77}},"type":"binary-expr","locations":[{"start":{"line":34,"column":46},"end":{"line":34,"column":66}},{"start":{"line":34,"column":66},"end":{"line":34,"column":77}}]}},"s":{"0":1,"1":7,"2":7,"3":5,"4":5,"5":5,"6":5,"7":7,"8":1,"9":1,"10":7,"11":1,"12":1,"13":7,"14":1,"15":7},"f":{"0":7,"1":5,"2":5,"3":5,"4":1,"5":1,"6":1},"b":{"0":[2,5],"1":[2,0]}}
,"C:/Users/ThinkPad T480/Desktop/weather-app/src/components/ForecastDisplay.tsx": {"path":"C:/Users/ThinkPad T480/Desktop/weather-app/src/components/ForecastDisplay.tsx","statementMap":{"0":{"start":{"line":14,"column":24},"end":{"line":41,"column":null}},"1":{"start":{"line":15,"column":2},"end":{"line":39,"column":null}},"2":{"start":{"line":20,"column":10},"end":{"line":36,"column":null}}},"fnMap":{"0":{"name":"(anonymous_0)","decl":{"start":{"line":14,"column":24},"end":{"line":14,"column":25}},"loc":{"start":{"line":14,"column":64},"end":{"line":41,"column":null}}},"1":{"name":"(anonymous_1)","decl":{"start":{"line":19,"column":22},"end":{"line":19,"column":23}},"loc":{"start":{"line":20,"column":10},"end":{"line":36,"column":null}}}},"branchMap":{},"s":{"0":0,"1":0,"2":0},"f":{"0":0,"1":0},"b":{}}
,"C:/Users/ThinkPad T480/Desktop/weather-app/src/components/Login.tsx": {"path":"C:/Users/ThinkPad T480/Desktop/weather-app/src/components/Login.tsx","statementMap":{"0":{"start":{"line":12,"column":14},"end":{"line":81,"column":null}},"1":{"start":{"line":13,"column":22},"end":{"line":13,"column":null}},"2":{"start":{"line":14,"column":19},"end":{"line":14,"column":null}},"3":{"start":{"line":16,"column":2},"end":{"line":26,"column":null}},"4":{"start":{"line":17,"column":24},"end":{"line":24,"column":null}},"5":{"start":{"line":18,"column":6},"end":{"line":23,"column":null}},"6":{"start":{"line":19,"column":8},"end":{"line":19,"column":null}},"7":{"start":{"line":20,"column":8},"end":{"line":20,"column":null}},"8":{"start":{"line":22,"column":8},"end":{"line":22,"column":null}},"9":{"start":{"line":25,"column":4},"end":{"line":25,"column":null}},"10":{"start":{"line":25,"column":17},"end":{"line":25,"column":null}},"11":{"start":{"line":28,"column":28},"end":{"line":35,"column":null}},"12":{"start":{"line":29,"column":21},"end":{"line":29,"column":null}},"13":{"start":{"line":30,"column":4},"end":{"line":34,"column":null}},"14":{"start":{"line":31,"column":6},"end":{"line":31,"column":null}},"15":{"start":{"line":33,"column":6},"end":{"line":33,"column":null}},"16":{"start":{"line":37,"column":28},"end":{"line":44,"column":null}},"17":{"start":{"line":38,"column":21},"end":{"line":38,"column":null}},"18":{"start":{"line":39,"column":4},"end":{"line":43,"column":null}},"19":{"start":{"line":40,"column":6},"end":{"line":40,"column":null}},"20":{"start":{"line":42,"column":6},"end":{"line":42,"column":null}},"21":{"start":{"line":46,"column":2},"end":{"line":79,"column":null}}},"fnMap":{"0":{"name":"(anonymous_0)","decl":{"start":{"line":12,"column":14},"end":{"line":12,"column":15}},"loc":{"start":{"line":12,"column":118},"end":{"line":81,"column":null}}},"1":{"name":"(anonymous_1)","decl":{"start":{"line":16,"column":12},"end":{"line":16,"column":18}},"loc":{"start":{"line":16,"column":18},"end":{"line":26,"column":5}}},"2":{"name":"(anonymous_2)","decl":{"start":{"line":17,"column":48},"end":{"line":17,"column":49}},"loc":{"start":{"line":17,"column":58},"end":{"line":24,"column":5}}},"3":{"name":"(anonymous_3)","decl":{"start":{"line":25,"column":11},"end":{"line":25,"column":17}},"loc":{"start":{"line":25,"column":17},"end":{"line":25,"column":null}}},"4":{"name":"(anonymous_4)","decl":{"start":{"line":28,"column":54},"end":{"line":28,"column":66}},"loc":{"start":{"line":28,"column":66},"end":{"line":35,"column":null}}},"5":{"name":"(anonymous_5)","decl":{"start":{"line":37,"column":54},"end":{"line":37,"column":66}},"loc":{"start":{"line":37,"column":66},"end":{"line":44,"column":null}}}},"branchMap":{"0":{"loc":{"start":{"line":18,"column":6},"end":{"line":23,"column":null}},"type":"if","locations":[{"start":{"line":18,"column":6},"end":{"line":23,"column":null}},{"start":{"line":21,"column":13},"end":{"line":23,"column":null}}]},"1":{"loc":{"start":{"line":28,"column":28},"end":{"line":35,"column":null}},"type":"binary-expr","locations":[{"start":{"line":28,"column":28},"end":{"line":28,"column":54}},{"start":{"line":28,"column":54},"end":{"line":35,"column":null}}]},"2":{"loc":{"start":{"line":37,"column":28},"end":{"line":44,"column":null}},"type":"binary-expr","locations":[{"start":{"line":37,"column":28},"end":{"line":37,"column":54}},{"start":{"line":37,"column":54},"end":{"line":44,"column":null}}]}},"s":{"0":1,"1":5,"2":5,"3":5,"4":5,"5":5,"6":0,"7":0,"8":5,"9":5,"10":5,"11":5,"12":0,"13":0,"14":0,"15":0,"16":5,"17":0,"18":0,"19":0,"20":0,"21":5},"f":{"0":5,"1":5,"2":5,"3":5,"4":0,"5":0},"b":{"0":[0,5],"1":[5,4],"2":[5,4]}}
,"C:/Users/ThinkPad T480/Desktop/weather-app/src/components/SearchBar.tsx": {"path":"C:/Users/ThinkPad T480/Desktop/weather-app/src/components/SearchBar.tsx","statementMap":{"0":{"start":{"line":8,"column":20},"end":{"line":27,"column":null}},"1":{"start":{"line":9,"column":4},"end":{"line":25,"column":null}},"2":{"start":{"line":15,"column":27},"end":{"line":15,"column":null}}},"fnMap":{"0":{"name":"(anonymous_0)","decl":{"start":{"line":8,"column":20},"end":{"line":8,"column":21}},"loc":{"start":{"line":8,"column":82},"end":{"line":27,"column":null}}},"1":{"name":"(anonymous_1)","decl":{"start":{"line":15,"column":20},"end":{"line":15,"column":21}},"loc":{"start":{"line":15,"column":27},"end":{"line":15,"column":null}}}},"branchMap":{"0":{"loc":{"start":{"line":23,"column":11},"end":{"line":23,"column":null}},"type":"cond-expr","locations":[{"start":{"line":23,"column":21},"end":{"line":23,"column":37}},{"start":{"line":23,"column":37},"end":{"line":23,"column":null}}]}},"s":{"0":1,"1":5,"2":1},"f":{"0":5,"1":1},"b":{"0":[2,3]}}
,"C:/Users/ThinkPad T480/Desktop/weather-app/src/components/UserInfo.tsx": {"path":"C:/Users/ThinkPad T480/Desktop/weather-app/src/components/UserInfo.tsx","statementMap":{"0":{"start":{"line":11,"column":17},"end":{"line":33,"column":null}},"1":{"start":{"line":12,"column":2},"end":{"line":31,"column":null}},"2":{"start":{"line":15,"column":55},"end":{"line":15,"column":null}}},"fnMap":{"0":{"name":"(anonymous_0)","decl":{"start":{"line":11,"column":17},"end":{"line":11,"column":18}},"loc":{"start":{"line":11,"column":85},"end":{"line":33,"column":null}}},"1":{"name":"(anonymous_1)","decl":{"start":{"line":15,"column":49},"end":{"line":15,"column":55}},"loc":{"start":{"line":15,"column":55},"end":{"line":15,"column":null}}}},"branchMap":{"0":{"loc":{"start":{"line":16,"column":11},"end":{"line":19,"column":null}},"type":"cond-expr","locations":[{"start":{"line":17,"column":12},"end":{"line":17,"column":null}},{"start":{"line":19,"column":12},"end":{"line":19,"column":null}}]},"1":{"loc":{"start":{"line":30,"column":7},"end":{"line":30,"column":null}},"type":"binary-expr","locations":[{"start":{"line":30,"column":7},"end":{"line":30,"column":20}},{"start":{"line":30,"column":20},"end":{"line":30,"column":null}}]}},"s":{"0":1,"1":5,"2":1},"f":{"0":5,"1":1},"b":{"0":[4,1],"1":[5,1]}}
,"C:/Users/ThinkPad T480/Desktop/weather-app/src/components/WeatherApp.tsx": {"path":"C:/Users/ThinkPad T480/Desktop/weather-app/src/components/WeatherApp.tsx","statementMap":{"0":{"start":{"line":13,"column":19},"end":{"line":236,"column":null}},"1":{"start":{"line":14,"column":26},"end":{"line":14,"column":null}},"2":{"start":{"line":23,"column":32},"end":{"line":23,"column":null}},"3":{"start":{"line":30,"column":34},"end":{"line":30,"column":null}},"4":{"start":{"line":31,"column":32},"end":{"line":31,"column":null}},"5":{"start":{"line":32,"column":28},"end":{"line":32,"column":null}},"6":{"start":{"line":33,"column":36},"end":{"line":33,"column":null}},"7":{"start":{"line":34,"column":36},"end":{"line":34,"column":null}},"8":{"start":{"line":37,"column":29},"end":{"line":51,"column":null}},"9":{"start":{"line":38,"column":4},"end":{"line":50,"column":null}},"10":{"start":{"line":39,"column":6},"end":{"line":39,"column":null}},"11":{"start":{"line":40,"column":4},"end":{"line":50,"column":null}},"12":{"start":{"line":41,"column":6},"end":{"line":41,"column":null}},"13":{"start":{"line":42,"column":4},"end":{"line":50,"column":null}},"14":{"start":{"line":43,"column":6},"end":{"line":43,"column":null}},"15":{"start":{"line":44,"column":4},"end":{"line":50,"column":null}},"16":{"start":{"line":45,"column":6},"end":{"line":45,"column":null}},"17":{"start":{"line":46,"column":4},"end":{"line":50,"column":null}},"18":{"start":{"line":47,"column":6},"end":{"line":47,"column":null}},"19":{"start":{"line":49,"column":6},"end":{"line":49,"column":null}},"20":{"start":{"line":54,"column":2},"end":{"line":81,"column":null}},"21":{"start":{"line":55,"column":4},"end":{"line":55,"column":null}},"22":{"start":{"line":56,"column":4},"end":{"line":80,"column":null}},"23":{"start":{"line":57,"column":6},"end":{"line":76,"column":null}},"24":{"start":{"line":59,"column":42},"end":{"line":59,"column":null}},"25":{"start":{"line":60,"column":10},"end":{"line":70,"column":null}},"26":{"start":{"line":61,"column":32},"end":{"line":61,"column":null}},"27":{"start":{"line":62,"column":33},"end":{"line":62,"column":null}},"28":{"start":{"line":63,"column":12},"end":{"line":63,"column":null}},"29":{"start":{"line":64,"column":12},"end":{"line":64,"column":null}},"30":{"start":{"line":65,"column":12},"end":{"line":65,"column":null}},"31":{"start":{"line":67,"column":12},"end":{"line":67,"column":null}},"32":{"start":{"line":69,"column":12},"end":{"line":69,"column":null}},"33":{"start":{"line":73,"column":10},"end":{"line":73,"column":null}},"34":{"start":{"line":74,"column":10},"end":{"line":74,"column":null}},"35":{"start":{"line":78,"column":6},"end":{"line":78,"column":null}},"36":{"start":{"line":79,"column":6},"end":{"line":79,"column":null}},"37":{"start":{"line":83,"column":23},"end":{"line":99,"column":null}},"38":{"start":{"line":84,"column":4},"end":{"line":84,"column":null}},"39":{"start":{"line":84,"column":15},"end":{"line":84,"column":null}},"40":{"start":{"line":85,"column":4},"end":{"line":85,"column":null}},"41":{"start":{"line":86,"column":4},"end":{"line":98,"column":null}},"42":{"start":{"line":87,"column":26},"end":{"line":87,"column":null}},"43":{"start":{"line":88,"column":27},"end":{"line":88,"column":null}},"44":{"start":{"line":89,"column":20},"end":{"line":89,"column":null}},"45":{"start":{"line":90,"column":6},"end":{"line":90,"column":null}},"46":{"start":{"line":91,"column":6},"end":{"line":91,"column":null}},"47":{"start":{"line":92,"column":6},"end":{"line":92,"column":null}},"48":{"start":{"line":93,"column":6},"end":{"line":93,"column":null}},"49":{"start":{"line":95,"column":6},"end":{"line":95,"column":null}},"50":{"start":{"line":97,"column":6},"end":{"line":97,"column":null}},"51":{"start":{"line":101,"column":2},"end":{"line":234,"column":null}},"52":{"start":{"line":134,"column":29},"end":{"line":134,"column":null}},"53":{"start":{"line":149,"column":29},"end":{"line":149,"column":null}},"54":{"start":{"line":203,"column":16},"end":{"line":228,"column":null}}},"fnMap":{"0":{"name":"(anonymous_0)","decl":{"start":{"line":13,"column":19},"end":{"line":13,"column":20}},"loc":{"start":{"line":13,"column":64},"end":{"line":236,"column":null}}},"1":{"name":"(anonymous_1)","decl":{"start":{"line":37,"column":29},"end":{"line":37,"column":30}},"loc":{"start":{"line":37,"column":47},"end":{"line":51,"column":null}}},"2":{"name":"(anonymous_2)","decl":{"start":{"line":54,"column":12},"end":{"line":54,"column":18}},"loc":{"start":{"line":54,"column":18},"end":{"line":81,"column":5}}},"3":{"name":"(anonymous_3)","decl":{"start":{"line":58,"column":8},"end":{"line":58,"column":15}},"loc":{"start":{"line":58,"column":28},"end":{"line":71,"column":null}}},"4":{"name":"(anonymous_4)","decl":{"start":{"line":72,"column":8},"end":{"line":72,"column":14}},"loc":{"start":{"line":72,"column":14},"end":{"line":75,"column":null}}},"5":{"name":"(anonymous_5)","decl":{"start":{"line":83,"column":23},"end":{"line":83,"column":35}},"loc":{"start":{"line":83,"column":35},"end":{"line":99,"column":null}}},"6":{"name":"(anonymous_6)","decl":{"start":{"line":134,"column":23},"end":{"line":134,"column":29}},"loc":{"start":{"line":134,"column":29},"end":{"line":134,"column":null}}},"7":{"name":"(anonymous_7)","decl":{"start":{"line":149,"column":22},"end":{"line":149,"column":23}},"loc":{"start":{"line":149,"column":29},"end":{"line":149,"column":null}}},"8":{"name":"(anonymous_8)","decl":{"start":{"line":202,"column":28},"end":{"line":202,"column":29}},"loc":{"start":{"line":203,"column":16},"end":{"line":228,"column":null}}}},"branchMap":{"0":{"loc":{"start":{"line":38,"column":4},"end":{"line":50,"column":null}},"type":"if","locations":[{"start":{"line":38,"column":4},"end":{"line":50,"column":null}},{"start":{"line":40,"column":4},"end":{"line":50,"column":null}}]},"1":{"loc":{"start":{"line":38,"column":8},"end":{"line":38,"column":42}},"type":"binary-expr","locations":[{"start":{"line":38,"column":8},"end":{"line":38,"column":26}},{"start":{"line":38,"column":26},"end":{"line":38,"column":42}}]},"2":{"loc":{"start":{"line":40,"column":4},"end":{"line":50,"column":null}},"type":"if","locations":[{"start":{"line":40,"column":4},"end":{"line":50,"column":null}},{"start":{"line":42,"column":4},"end":{"line":50,"column":null}}]},"3":{"loc":{"start":{"line":40,"column":15},"end":{"line":40,"column":88}},"type":"binary-expr","locations":[{"start":{"line":40,"column":15},"end":{"line":40,"column":40}},{"start":{"line":40,"column":40},"end":{"line":40,"column":65}},{"start":{"line":40,"column":65},"end":{"line":40,"column":88}}]},"4":{"loc":{"start":{"line":42,"column":4},"end":{"line":50,"column":null}},"type":"if","locations":[{"start":{"line":42,"column":4},"end":{"line":50,"column":null}},{"start":{"line":44,"column":4},"end":{"line":50,"column":null}}]},"5":{"loc":{"start":{"line":42,"column":15},"end":{"line":42,"column":63}},"type":"binary-expr","locations":[{"start":{"line":42,"column":15},"end":{"line":42,"column":40}},{"start":{"line":42,"column":40},"end":{"line":42,"column":63}}]},"6":{"loc":{"start":{"line":44,"column":4},"end":{"line":50,"column":null}},"type":"if","locations":[{"start":{"line":44,"column":4},"end":{"line":50,"column":null}},{"start":{"line":46,"column":4},"end":{"line":50,"column":null}}]},"7":{"loc":{"start":{"line":46,"column":4},"end":{"line":50,"column":null}},"type":"if","locations":[{"start":{"line":46,"column":4},"end":{"line":50,"column":null}},{"start":{"line":48,"column":11},"end":{"line":50,"column":null}}]},"8":{"loc":{"start":{"line":56,"column":4},"end":{"line":80,"column":null}},"type":"if","locations":[{"start":{"line":56,"column":4},"end":{"line":80,"column":null}},{"start":{"line":77,"column":11},"end":{"line":80,"column":null}}]},"9":{"loc":{"start":{"line":84,"column":4},"end":{"line":84,"column":null}},"type":"if","locations":[{"start":{"line":84,"column":4},"end":{"line":84,"column":null}},{"start":{},"end":{}}]},"10":{"loc":{"start":{"line":104,"column":8},"end":{"line":104,"column":null}},"type":"cond-expr","locations":[{"start":{"line":104,"column":18},"end":{"line":104,"column":64}},{"start":{"line":104,"column":64},"end":{"line":104,"column":null}}]},"11":{"loc":{"start":{"line":108,"column":7},"end":{"line":139,"column":null}},"type":"binary-expr","locations":[{"start":{"line":108,"column":7},"end":{"line":108,"column":null}},{"start":{"line":109,"column":8},"end":{"line":139,"column":null}}]},"12":{"loc":{"start":{"line":120,"column":13},"end":{"line":127,"column":null}},"type":"binary-expr","locations":[{"start":{"line":120,"column":13},"end":{"line":120,"column":null}},{"start":{"line":121,"column":14},"end":{"line":127,"column":null}}]},"13":{"loc":{"start":{"line":122,"column":17},"end":{"line":125,"column":null}},"type":"cond-expr","locations":[{"start":{"line":123,"column":18},"end":{"line":123,"column":null}},{"start":{"line":125,"column":18},"end":{"line":125,"column":null}}]},"14":{"loc":{"start":{"line":131,"column":11},"end":{"line":137,"column":null}},"type":"binary-expr","locations":[{"start":{"line":131,"column":11},"end":{"line":131,"column":null}},{"start":{"line":132,"column":12},"end":{"line":137,"column":null}}]},"15":{"loc":{"start":{"line":157,"column":13},"end":{"line":157,"column":null}},"type":"cond-expr","locations":[{"start":{"line":157,"column":23},"end":{"line":157,"column":39}},{"start":{"line":157,"column":39},"end":{"line":157,"column":null}}]},"16":{"loc":{"start":{"line":160,"column":9},"end":{"line":160,"column":null}},"type":"binary-expr","locations":[{"start":{"line":160,"column":9},"end":{"line":160,"column":18}},{"start":{"line":160,"column":18},"end":{"line":160,"column":null}}]},"17":{"loc":{"start":{"line":161,"column":9},"end":{"line":195,"column":null}},"type":"binary-expr","locations":[{"start":{"line":161,"column":9},"end":{"line":161,"column":null}},{"start":{"line":162,"column":10},"end":{"line":195,"column":null}}]},"18":{"loc":{"start":{"line":162,"column":34},"end":{"line":162,"column":101}},"type":"cond-expr","locations":[{"start":{"line":162,"column":46},"end":{"line":162,"column":88}},{"start":{"line":162,"column":88},"end":{"line":162,"column":101}}]},"19":{"loc":{"start":{"line":186,"column":13},"end":{"line":193,"column":null}},"type":"binary-expr","locations":[{"start":{"line":186,"column":13},"end":{"line":186,"column":null}},{"start":{"line":187,"column":14},"end":{"line":193,"column":null}}]},"20":{"loc":{"start":{"line":198,"column":9},"end":{"line":231,"column":null}},"type":"binary-expr","locations":[{"start":{"line":198,"column":9},"end":{"line":198,"column":null}},{"start":{"line":199,"column":10},"end":{"line":231,"column":null}}]}},"s":{"0":0,"1":0,"2":0,"3":0,"4":0,"5":0,"6":0,"7":0,"8":0,"9":0,"10":0,"11":0,"12":0,"13":0,"14":0,"15":0,"16":0,"17":0,"18":0,"19":0,"20":0,"21":0,"22":0,"23":0,"24":0,"25":0,"26":0,"27":0,"28":0,"29":0,"30":0,"31":0,"32":0,"33":0,"34":0,"35":0,"36":0,"37":0,"38":0,"39":0,"40":0,"41":0,"42":0,"43":0,"44":0,"45":0,"46":0,"47":0,"48":0,"49":0,"50":0,"51":0,"52":0,"53":0,"54":0},"f":{"0":0,"1":0,"2":0,"3":0,"4":0,"5":0,"6":0,"7":0,"8":0},"b":{"0":[0,0],"1":[0,0],"2":[0,0],"3":[0,0,0],"4":[0,0],"5":[0,0],"6":[0,0],"7":[0,0],"8":[0,0],"9":[0,0],"10":[0,0],"11":[0,0],"12":[0,0],"13":[0,0],"14":[0,0],"15":[0,0],"16":[0,0],"17":[0,0],"18":[0,0],"19":[0,0],"20":[0,0]}}
,"C:/Users/ThinkPad T480/Desktop/weather-app/src/components/WeatherDisplay.tsx": {"path":"C:/Users/ThinkPad T480/Desktop/weather-app/src/components/WeatherDisplay.tsx","statementMap":{"0":{"start":{"line":16,"column":23},"end":{"line":40,"column":null}},"1":{"start":{"line":17,"column":2},"end":{"line":38,"column":null}}},"fnMap":{"0":{"name":"(anonymous_0)","decl":{"start":{"line":16,"column":23},"end":{"line":16,"column":24}},"loc":{"start":{"line":16,"column":61},"end":{"line":40,"column":null}}}},"branchMap":{},"s":{"0":1,"1":7},"f":{"0":7},"b":{}}
,"C:/Users/ThinkPad T480/Desktop/weather-app/src/components/WeatherIcon.tsx": {"path":"C:/Users/ThinkPad T480/Desktop/weather-app/src/components/WeatherIcon.tsx","statementMap":{"0":{"start":{"line":8,"column":20},"end":{"line":26,"column":null}},"1":{"start":{"line":9,"column":2},"end":{"line":25,"column":null}},"2":{"start":{"line":10,"column":4},"end":{"line":10,"column":null}},"3":{"start":{"line":11,"column":2},"end":{"line":25,"column":null}},"4":{"start":{"line":12,"column":4},"end":{"line":12,"column":null}},"5":{"start":{"line":13,"column":2},"end":{"line":25,"column":null}},"6":{"start":{"line":14,"column":4},"end":{"line":14,"column":null}},"7":{"start":{"line":15,"column":2},"end":{"line":25,"column":null}},"8":{"start":{"line":16,"column":4},"end":{"line":16,"column":null}},"9":{"start":{"line":17,"column":2},"end":{"line":25,"column":null}},"10":{"start":{"line":18,"column":4},"end":{"line":18,"column":null}},"11":{"start":{"line":19,"column":2},"end":{"line":25,"column":null}},"12":{"start":{"line":20,"column":4},"end":{"line":20,"column":null}},"13":{"start":{"line":21,"column":2},"end":{"line":25,"column":null}},"14":{"start":{"line":22,"column":4},"end":{"line":22,"column":null}},"15":{"start":{"line":24,"column":4},"end":{"line":24,"column":null}}},"fnMap":{"0":{"name":"(anonymous_0)","decl":{"start":{"line":8,"column":20},"end":{"line":8,"column":21}},"loc":{"start":{"line":8,"column":65},"end":{"line":26,"column":null}}}},"branchMap":{"0":{"loc":{"start":{"line":9,"column":2},"end":{"line":25,"column":null}},"type":"if","locations":[{"start":{"line":9,"column":2},"end":{"line":25,"column":null}},{"start":{"line":11,"column":2},"end":{"line":25,"column":null}}]},"1":{"loc":{"start":{"line":9,"column":6},"end":{"line":9,"column":40}},"type":"binary-expr","locations":[{"start":{"line":9,"column":6},"end":{"line":9,"column":24}},{"start":{"line":9,"column":24},"end":{"line":9,"column":40}}]},"2":{"loc":{"start":{"line":11,"column":2},"end":{"line":25,"column":null}},"type":"if","locations":[{"start":{"line":11,"column":2},"end":{"line":25,"column":null}},{"start":{"line":13,"column":2},"end":{"line":25,"column":null}}]},"3":{"loc":{"start":{"line":11,"column":13},"end":{"line":11,"column":47}},"type":"binary-expr","locations":[{"start":{"line":11,"column":13},"end":{"line":11,"column":31}},{"start":{"line":11,"column":31},"end":{"line":11,"column":47}}]},"4":{"loc":{"start":{"line":13,"column":2},"end":{"line":25,"column":null}},"type":"if","locations":[{"start":{"line":13,"column":2},"end":{"line":25,"column":null}},{"start":{"line":15,"column":2},"end":{"line":25,"column":null}}]},"5":{"loc":{"start":{"line":13,"column":13},"end":{"line":13,"column":61}},"type":"binary-expr","locations":[{"start":{"line":13,"column":13},"end":{"line":13,"column":38}},{"start":{"line":13,"column":38},"end":{"line":13,"column":61}}]},"6":{"loc":{"start":{"line":15,"column":2},"end":{"line":25,"column":null}},"type":"if","locations":[{"start":{"line":15,"column":2},"end":{"line":25,"column":null}},{"start":{"line":17,"column":2},"end":{"line":25,"column":null}}]},"7":{"loc":{"start":{"line":15,"column":13},"end":{"line":15,"column":61}},"type":"binary-expr","locations":[{"start":{"line":15,"column":13},"end":{"line":15,"column":38}},{"start":{"line":15,"column":38},"end":{"line":15,"column":61}}]},"8":{"loc":{"start":{"line":17,"column":2},"end":{"line":25,"column":null}},"type":"if","locations":[{"start":{"line":17,"column":2},"end":{"line":25,"column":null}},{"start":{"line":19,"column":2},"end":{"line":25,"column":null}}]},"9":{"loc":{"start":{"line":19,"column":2},"end":{"line":25,"column":null}},"type":"if","locations":[{"start":{"line":19,"column":2},"end":{"line":25,"column":null}},{"start":{"line":21,"column":2},"end":{"line":25,"column":null}}]},"10":{"loc":{"start":{"line":21,"column":2},"end":{"line":25,"column":null}},"type":"if","locations":[{"start":{"line":21,"column":2},"end":{"line":25,"column":null}},{"start":{"line":23,"column":9},"end":{"line":25,"column":null}}]}},"s":{"0":2,"1":19,"2":2,"3":17,"4":2,"5":15,"6":9,"7":6,"8":2,"9":4,"10":1,"11":3,"12":1,"13":2,"14":1,"15":1},"f":{"0":19},"b":{"0":[2,17],"1":[19,18],"2":[2,15],"3":[17,16],"4":[9,6],"5":[15,14],"6":[2,4],"7":[6,5],"8":[1,3],"9":[1,2],"10":[1,1]}}
,"C:/Users/ThinkPad T480/Desktop/weather-app/src/lib/utils.ts": {"path":"C:/Users/ThinkPad T480/Desktop/weather-app/src/lib/utils.ts","statementMap":{"0":{"start":{"line":5,"column":2},"end":{"line":5,"column":null}}},"fnMap":{"0":{"name":"cn","decl":{"start":{"line":4,"column":16},"end":{"line":4,"column":22}},"loc":{"start":{"line":4,"column":44},"end":{"line":6,"column":null}}}},"branchMap":{},"s":{"0":0},"f":{"0":0},"b":{}}
,"C:/Users/ThinkPad T480/Desktop/weather-app/src/services/WeatherService.tsx": {"path":"C:/Users/ThinkPad T480/Desktop/weather-app/src/services/WeatherService.tsx","statementMap":{"0":{"start":{"line":3,"column":16},"end":{"line":3,"column":null}},"1":{"start":{"line":4,"column":17},"end":{"line":4,"column":null}},"2":{"start":{"line":5,"column":21},"end":{"line":5,"column":null}},"3":{"start":{"line":7,"column":32},"end":{"line":17,"column":null}},"4":{"start":{"line":8,"column":19},"end":{"line":15,"column":null}},"5":{"start":{"line":16,"column":2},"end":{"line":16,"column":null}},"6":{"start":{"line":19,"column":34},"end":{"line":30,"column":null}},"7":{"start":{"line":20,"column":19},"end":{"line":28,"column":null}},"8":{"start":{"line":29,"column":2},"end":{"line":29,"column":null}},"9":{"start":{"line":32,"column":27},"end":{"line":44,"column":null}},"10":{"start":{"line":33,"column":19},"end":{"line":42,"column":null}},"11":{"start":{"line":43,"column":2},"end":{"line":43,"column":null}}},"fnMap":{"0":{"name":"(anonymous_0)","decl":{"start":{"line":7,"column":32},"end":{"line":7,"column":39}},"loc":{"start":{"line":7,"column":56},"end":{"line":17,"column":null}}},"1":{"name":"(anonymous_1)","decl":{"start":{"line":19,"column":34},"end":{"line":19,"column":41}},"loc":{"start":{"line":19,"column":70},"end":{"line":30,"column":null}}},"2":{"name":"(anonymous_2)","decl":{"start":{"line":32,"column":27},"end":{"line":32,"column":34}},"loc":{"start":{"line":32,"column":63},"end":{"line":44,"column":null}}}},"branchMap":{},"s":{"0":1,"1":1,"2":1,"3":1,"4":2,"5":1,"6":1,"7":2,"8":1,"9":1,"10":2,"11":1},"f":{"0":2,"1":2,"2":2},"b":{}}
,"C:/Users/ThinkPad T480/Desktop/weather-app/src/services/unsplashService.ts": {"path":"C:/Users/ThinkPad T480/Desktop/weather-app/src/services/unsplashService.ts","statementMap":{"0":{"start":{"line":3,"column":25},"end":{"line":3,"column":null}},"1":{"start":{"line":5,"column":28},"end":{"line":14,"column":null}},"2":{"start":{"line":6,"column":19},"end":{"line":12,"column":null}},"3":{"start":{"line":13,"column":2},"end":{"line":13,"column":null}}},"fnMap":{"0":{"name":"(anonymous_0)","decl":{"start":{"line":5,"column":28},"end":{"line":5,"column":35}},"loc":{"start":{"line":5,"column":52},"end":{"line":14,"column":null}}}},"branchMap":{"0":{"loc":{"start":{"line":13,"column":9},"end":{"line":13,"column":null}},"type":"binary-expr","locations":[{"start":{"line":13,"column":9},"end":{"line":13,"column":52}},{"start":{"line":13,"column":52},"end":{"line":13,"column":null}}]}},"s":{"0":1,"1":1,"2":0,"3":0},"f":{"0":0},"b":{"0":[0,0]}}
,"C:/Users/ThinkPad T480/Desktop/weather-app/src/utils/translateWeather.ts": {"path":"C:/Users/ThinkPad T480/Desktop/weather-app/src/utils/translateWeather.ts","statementMap":{"0":{"start":{"line":1,"column":32},"end":{"line":15,"column":null}},"1":{"start":{"line":2,"column":52},"end":{"line":13,"column":null}},"2":{"start":{"line":14,"column":4},"end":{"line":14,"column":null}}},"fnMap":{"0":{"name":"(anonymous_0)","decl":{"start":{"line":1,"column":32},"end":{"line":1,"column":33}},"loc":{"start":{"line":1,"column":57},"end":{"line":15,"column":null}}}},"branchMap":{"0":{"loc":{"start":{"line":14,"column":11},"end":{"line":14,"column":null}},"type":"binary-expr","locations":[{"start":{"line":14,"column":11},"end":{"line":14,"column":40}},{"start":{"line":14,"column":40},"end":{"line":14,"column":null}}]}},"s":{"0":2,"1":19,"2":19},"f":{"0":19},"b":{"0":[19,1]}}
}
