{"C:/Users/ThinkPad T480/Desktop/VS code proyectos/weather-app/src/App.tsx": {"path":"C:/Users/ThinkPad T480/Desktop/VS code proyectos/weather-app/src/App.tsx","statementMap":{"0":{"start":{"line":30,"column":12},"end":{"line":257,"column":null}},"1":{"start":{"line":31,"column":26},"end":{"line":31,"column":null}},"2":{"start":{"line":32,"column":32},"end":{"line":32,"column":null}},"3":{"start":{"line":33,"column":34},"end":{"line":33,"column":null}},"4":{"start":{"line":34,"column":32},"end":{"line":34,"column":null}},"5":{"start":{"line":35,"column":28},"end":{"line":35,"column":null}},"6":{"start":{"line":36,"column":36},"end":{"line":36,"column":null}},"7":{"start":{"line":37,"column":26},"end":{"line":37,"column":null}},"8":{"start":{"line":38,"column":36},"end":{"line":38,"column":null}},"9":{"start":{"line":39,"column":19},"end":{"line":39,"column":null}},"10":{"start":{"line":42,"column":29},"end":{"line":56,"column":null}},"11":{"start":{"line":43,"column":4},"end":{"line":55,"column":null}},"12":{"start":{"line":44,"column":6},"end":{"line":44,"column":null}},"13":{"start":{"line":45,"column":4},"end":{"line":55,"column":null}},"14":{"start":{"line":46,"column":6},"end":{"line":46,"column":null}},"15":{"start":{"line":47,"column":4},"end":{"line":55,"column":null}},"16":{"start":{"line":48,"column":6},"end":{"line":48,"column":null}},"17":{"start":{"line":49,"column":4},"end":{"line":55,"column":null}},"18":{"start":{"line":50,"column":6},"end":{"line":50,"column":null}},"19":{"start":{"line":51,"column":4},"end":{"line":55,"column":null}},"20":{"start":{"line":52,"column":6},"end":{"line":52,"column":null}},"21":{"start":{"line":54,"column":6},"end":{"line":54,"column":null}},"22":{"start":{"line":59,"column":2},"end":{"line":73,"column":null}},"23":{"start":{"line":60,"column":24},"end":{"line":71,"column":null}},"24":{"start":{"line":61,"column":6},"end":{"line":70,"column":null}},"25":{"start":{"line":62,"column":8},"end":{"line":67,"column":null}},"26":{"start":{"line":64,"column":61},"end":{"line":66,"column":12}},"27":{"start":{"line":69,"column":8},"end":{"line":69,"column":null}},"28":{"start":{"line":72,"column":4},"end":{"line":72,"column":null}},"29":{"start":{"line":72,"column":17},"end":{"line":72,"column":null}},"30":{"start":{"line":76,"column":2},"end":{"line":105,"column":null}},"31":{"start":{"line":77,"column":4},"end":{"line":77,"column":null}},"32":{"start":{"line":78,"column":4},"end":{"line":104,"column":null}},"33":{"start":{"line":79,"column":6},"end":{"line":100,"column":null}},"34":{"start":{"line":81,"column":42},"end":{"line":81,"column":null}},"35":{"start":{"line":82,"column":10},"end":{"line":93,"column":null}},"36":{"start":{"line":83,"column":32},"end":{"line":83,"column":null}},"37":{"start":{"line":84,"column":33},"end":{"line":84,"column":null}},"38":{"start":{"line":85,"column":12},"end":{"line":85,"column":null}},"39":{"start":{"line":86,"column":12},"end":{"line":86,"column":null}},"40":{"start":{"line":87,"column":12},"end":{"line":87,"column":null}},"41":{"start":{"line":90,"column":12},"end":{"line":90,"column":null}},"42":{"start":{"line":92,"column":12},"end":{"line":92,"column":null}},"43":{"start":{"line":97,"column":10},"end":{"line":97,"column":null}},"44":{"start":{"line":98,"column":10},"end":{"line":98,"column":null}},"45":{"start":{"line":102,"column":6},"end":{"line":102,"column":null}},"46":{"start":{"line":103,"column":6},"end":{"line":103,"column":null}},"47":{"start":{"line":107,"column":23},"end":{"line":124,"column":null}},"48":{"start":{"line":108,"column":4},"end":{"line":108,"column":null}},"49":{"start":{"line":108,"column":15},"end":{"line":108,"column":null}},"50":{"start":{"line":109,"column":4},"end":{"line":109,"column":null}},"51":{"start":{"line":110,"column":4},"end":{"line":123,"column":null}},"52":{"start":{"line":111,"column":26},"end":{"line":111,"column":null}},"53":{"start":{"line":112,"column":27},"end":{"line":112,"column":null}},"54":{"start":{"line":113,"column":20},"end":{"line":113,"column":null}},"55":{"start":{"line":114,"column":6},"end":{"line":114,"column":null}},"56":{"start":{"line":115,"column":6},"end":{"line":115,"column":null}},"57":{"start":{"line":116,"column":6},"end":{"line":116,"column":null}},"58":{"start":{"line":117,"column":6},"end":{"line":117,"column":null}},"59":{"start":{"line":120,"column":6},"end":{"line":120,"column":null}},"60":{"start":{"line":122,"column":6},"end":{"line":122,"column":null}},"61":{"start":{"line":126,"column":23},"end":{"line":133,"column":null}},"62":{"start":{"line":127,"column":4},"end":{"line":132,"column":null}},"63":{"start":{"line":128,"column":6},"end":{"line":128,"column":null}},"64":{"start":{"line":129,"column":6},"end":{"line":129,"column":null}},"65":{"start":{"line":131,"column":6},"end":{"line":131,"column":null}},"66":{"start":{"line":135,"column":2},"end":{"line":255,"column":null}},"67":{"start":{"line":148,"column":29},"end":{"line":148,"column":null}},"68":{"start":{"line":179,"column":29},"end":{"line":179,"column":null}},"69":{"start":{"line":233,"column":16},"end":{"line":249,"column":null}}},"fnMap":{"0":{"name":"(anonymous_0)","decl":{"start":{"line":30,"column":12},"end":{"line":30,"column":18}},"loc":{"start":{"line":30,"column":18},"end":{"line":257,"column":null}}},"1":{"name":"(anonymous_1)","decl":{"start":{"line":42,"column":29},"end":{"line":42,"column":30}},"loc":{"start":{"line":42,"column":47},"end":{"line":56,"column":null}}},"2":{"name":"(anonymous_2)","decl":{"start":{"line":59,"column":12},"end":{"line":59,"column":18}},"loc":{"start":{"line":59,"column":18},"end":{"line":73,"column":5}}},"3":{"name":"(anonymous_3)","decl":{"start":{"line":60,"column":48},"end":{"line":60,"column":49}},"loc":{"start":{"line":60,"column":58},"end":{"line":71,"column":5}}},"4":{"name":"(anonymous_4)","decl":{"start":{"line":64,"column":46},"end":{"line":64,"column":47}},"loc":{"start":{"line":64,"column":61},"end":{"line":66,"column":12}}},"5":{"name":"(anonymous_5)","decl":{"start":{"line":72,"column":11},"end":{"line":72,"column":17}},"loc":{"start":{"line":72,"column":17},"end":{"line":72,"column":null}}},"6":{"name":"(anonymous_6)","decl":{"start":{"line":76,"column":12},"end":{"line":76,"column":18}},"loc":{"start":{"line":76,"column":18},"end":{"line":105,"column":5}}},"7":{"name":"(anonymous_7)","decl":{"start":{"line":80,"column":8},"end":{"line":80,"column":15}},"loc":{"start":{"line":80,"column":28},"end":{"line":94,"column":null}}},"8":{"name":"(anonymous_8)","decl":{"start":{"line":96,"column":8},"end":{"line":96,"column":9}},"loc":{"start":{"line":96,"column":17},"end":{"line":99,"column":null}}},"9":{"name":"(anonymous_9)","decl":{"start":{"line":107,"column":23},"end":{"line":107,"column":35}},"loc":{"start":{"line":107,"column":35},"end":{"line":124,"column":null}}},"10":{"name":"(anonymous_10)","decl":{"start":{"line":126,"column":23},"end":{"line":126,"column":35}},"loc":{"start":{"line":126,"column":35},"end":{"line":133,"column":null}}},"11":{"name":"(anonymous_11)","decl":{"start":{"line":148,"column":23},"end":{"line":148,"column":29}},"loc":{"start":{"line":148,"column":29},"end":{"line":148,"column":null}}},"12":{"name":"(anonymous_12)","decl":{"start":{"line":179,"column":22},"end":{"line":179,"column":23}},"loc":{"start":{"line":179,"column":29},"end":{"line":179,"column":null}}},"13":{"name":"(anonymous_13)","decl":{"start":{"line":232,"column":28},"end":{"line":232,"column":29}},"loc":{"start":{"line":233,"column":16},"end":{"line":249,"column":null}}}},"branchMap":{"0":{"loc":{"start":{"line":43,"column":4},"end":{"line":55,"column":null}},"type":"if","locations":[{"start":{"line":43,"column":4},"end":{"line":55,"column":null}},{"start":{"line":45,"column":4},"end":{"line":55,"column":null}}]},"1":{"loc":{"start":{"line":43,"column":8},"end":{"line":43,"column":42}},"type":"binary-expr","locations":[{"start":{"line":43,"column":8},"end":{"line":43,"column":26}},{"start":{"line":43,"column":26},"end":{"line":43,"column":42}}]},"2":{"loc":{"start":{"line":45,"column":4},"end":{"line":55,"column":null}},"type":"if","locations":[{"start":{"line":45,"column":4},"end":{"line":55,"column":null}},{"start":{"line":47,"column":4},"end":{"line":55,"column":null}}]},"3":{"loc":{"start":{"line":45,"column":15},"end":{"line":45,"column":88}},"type":"binary-expr","locations":[{"start":{"line":45,"column":15},"end":{"line":45,"column":40}},{"start":{"line":45,"column":40},"end":{"line":45,"column":65}},{"start":{"line":45,"column":65},"end":{"line":45,"column":88}}]},"4":{"loc":{"start":{"line":47,"column":4},"end":{"line":55,"column":null}},"type":"if","locations":[{"start":{"line":47,"column":4},"end":{"line":55,"column":null}},{"start":{"line":49,"column":4},"end":{"line":55,"column":null}}]},"5":{"loc":{"start":{"line":47,"column":15},"end":{"line":47,"column":63}},"type":"binary-expr","locations":[{"start":{"line":47,"column":15},"end":{"line":47,"column":40}},{"start":{"line":47,"column":40},"end":{"line":47,"column":63}}]},"6":{"loc":{"start":{"line":49,"column":4},"end":{"line":55,"column":null}},"type":"if","locations":[{"start":{"line":49,"column":4},"end":{"line":55,"column":null}},{"start":{"line":51,"column":4},"end":{"line":55,"column":null}}]},"7":{"loc":{"start":{"line":51,"column":4},"end":{"line":55,"column":null}},"type":"if","locations":[{"start":{"line":51,"column":4},"end":{"line":55,"column":null}},{"start":{"line":53,"column":11},"end":{"line":55,"column":null}}]},"8":{"loc":{"start":{"line":61,"column":6},"end":{"line":70,"column":null}},"type":"if","locations":[{"start":{"line":61,"column":6},"end":{"line":70,"column":null}},{"start":{"line":68,"column":13},"end":{"line":70,"column":null}}]},"9":{"loc":{"start":{"line":63,"column":17},"end":{"line":63,"column":null}},"type":"binary-expr","locations":[{"start":{"line":63,"column":17},"end":{"line":63,"column":31}},{"start":{"line":63,"column":31},"end":{"line":63,"column":null}}]},"10":{"loc":{"start":{"line":78,"column":4},"end":{"line":104,"column":null}},"type":"if","locations":[{"start":{"line":78,"column":4},"end":{"line":104,"column":null}},{"start":{"line":101,"column":11},"end":{"line":104,"column":null}}]},"11":{"loc":{"start":{"line":108,"column":4},"end":{"line":108,"column":null}},"type":"if","locations":[{"start":{"line":108,"column":4},"end":{"line":108,"column":null}},{"start":{},"end":{}}]},"12":{"loc":{"start":{"line":138,"column":8},"end":{"line":138,"column":null}},"type":"cond-expr","locations":[{"start":{"line":138,"column":18},"end":{"line":138,"column":64}},{"start":{"line":138,"column":64},"end":{"line":138,"column":null}}]},"13":{"loc":{"start":{"line":142,"column":7},"end":{"line":169,"column":null}},"type":"binary-expr","locations":[{"start":{"line":142,"column":7},"end":{"line":142,"column":null}},{"start":{"line":143,"column":8},"end":{"line":169,"column":null}}]},"14":{"loc":{"start":{"line":150,"column":15},"end":{"line":153,"column":null}},"type":"cond-expr","locations":[{"start":{"line":151,"column":16},"end":{"line":151,"column":null}},{"start":{"line":153,"column":16},"end":{"line":153,"column":null}}]},"15":{"loc":{"start":{"line":166,"column":11},"end":{"line":167,"column":null}},"type":"binary-expr","locations":[{"start":{"line":166,"column":11},"end":{"line":166,"column":null}},{"start":{"line":167,"column":12},"end":{"line":167,"column":null}}]},"16":{"loc":{"start":{"line":187,"column":13},"end":{"line":187,"column":null}},"type":"cond-expr","locations":[{"start":{"line":187,"column":23},"end":{"line":187,"column":39}},{"start":{"line":187,"column":39},"end":{"line":187,"column":null}}]},"17":{"loc":{"start":{"line":190,"column":9},"end":{"line":190,"column":null}},"type":"binary-expr","locations":[{"start":{"line":190,"column":9},"end":{"line":190,"column":18}},{"start":{"line":190,"column":18},"end":{"line":190,"column":null}}]},"18":{"loc":{"start":{"line":191,"column":9},"end":{"line":225,"column":null}},"type":"binary-expr","locations":[{"start":{"line":191,"column":9},"end":{"line":191,"column":null}},{"start":{"line":192,"column":10},"end":{"line":225,"column":null}}]},"19":{"loc":{"start":{"line":192,"column":34},"end":{"line":192,"column":101}},"type":"cond-expr","locations":[{"start":{"line":192,"column":46},"end":{"line":192,"column":88}},{"start":{"line":192,"column":88},"end":{"line":192,"column":101}}]},"20":{"loc":{"start":{"line":216,"column":13},"end":{"line":223,"column":null}},"type":"binary-expr","locations":[{"start":{"line":216,"column":13},"end":{"line":216,"column":null}},{"start":{"line":217,"column":14},"end":{"line":223,"column":null}}]},"21":{"loc":{"start":{"line":228,"column":9},"end":{"line":252,"column":null}},"type":"binary-expr","locations":[{"start":{"line":228,"column":9},"end":{"line":228,"column":null}},{"start":{"line":229,"column":10},"end":{"line":252,"column":null}}]}},"s":{"0":0,"1":0,"2":0,"3":0,"4":0,"5":0,"6":0,"7":0,"8":0,"9":0,"10":0,"11":0,"12":0,"13":0,"14":0,"15":0,"16":0,"17":0,"18":0,"19":0,"20":0,"21":0,"22":0,"23":0,"24":0,"25":0,"26":0,"27":0,"28":0,"29":0,"30":0,"31":0,"32":0,"33":0,"34":0,"35":0,"36":0,"37":0,"38":0,"39":0,"40":0,"41":0,"42":0,"43":0,"44":0,"45":0,"46":0,"47":0,"48":0,"49":0,"50":0,"51":0,"52":0,"53":0,"54":0,"55":0,"56":0,"57":0,"58":0,"59":0,"60":0,"61":0,"62":0,"63":0,"64":0,"65":0,"66":0,"67":0,"68":0,"69":0},"f":{"0":0,"1":0,"2":0,"3":0,"4":0,"5":0,"6":0,"7":0,"8":0,"9":0,"10":0,"11":0,"12":0,"13":0},"b":{"0":[0,0],"1":[0,0],"2":[0,0],"3":[0,0,0],"4":[0,0],"5":[0,0],"6":[0,0],"7":[0,0],"8":[0,0],"9":[0,0],"10":[0,0],"11":[0,0],"12":[0,0],"13":[0,0],"14":[0,0],"15":[0,0],"16":[0,0],"17":[0,0],"18":[0,0],"19":[0,0],"20":[0,0],"21":[0,0]}}
,"C:/Users/ThinkPad T480/Desktop/VS code proyectos/weather-app/src/firebaseConfig.ts": {"path":"C:/Users/ThinkPad T480/Desktop/VS code proyectos/weather-app/src/firebaseConfig.ts","statementMap":{"0":{"start":{"line":5,"column":23},"end":{"line":12,"column":null}},"1":{"start":{"line":13,"column":12},"end":{"line":13,"column":null}},"2":{"start":{"line":14,"column":13},"end":{"line":14,"column":null}}},"fnMap":{},"branchMap":{},"s":{"0":0,"1":0,"2":0},"f":{},"b":{}}
,"C:/Users/ThinkPad T480/Desktop/VS code proyectos/weather-app/src/components/Auth.tsx": {"path":"C:/Users/ThinkPad T480/Desktop/VS code proyectos/weather-app/src/components/Auth.tsx","statementMap":{"0":{"start":{"line":5,"column":13},"end":{"line":59,"column":null}},"1":{"start":{"line":6,"column":26},"end":{"line":6,"column":null}},"2":{"start":{"line":8,"column":2},"end":{"line":13,"column":null}},"3":{"start":{"line":9,"column":24},"end":{"line":11,"column":null}},"4":{"start":{"line":10,"column":6},"end":{"line":10,"column":null}},"5":{"start":{"line":12,"column":4},"end":{"line":12,"column":null}},"6":{"start":{"line":12,"column":17},"end":{"line":12,"column":null}},"7":{"start":{"line":15,"column":28},"end":{"line":18,"column":null}},"8":{"start":{"line":16,"column":21},"end":{"line":16,"column":null}},"9":{"start":{"line":17,"column":4},"end":{"line":17,"column":null}},"10":{"start":{"line":20,"column":28},"end":{"line":23,"column":null}},"11":{"start":{"line":21,"column":21},"end":{"line":21,"column":null}},"12":{"start":{"line":22,"column":4},"end":{"line":22,"column":null}},"13":{"start":{"line":25,"column":23},"end":{"line":27,"column":null}},"14":{"start":{"line":26,"column":4},"end":{"line":26,"column":null}},"15":{"start":{"line":29,"column":2},"end":{"line":57,"column":null}}},"fnMap":{"0":{"name":"(anonymous_0)","decl":{"start":{"line":5,"column":13},"end":{"line":5,"column":19}},"loc":{"start":{"line":5,"column":19},"end":{"line":59,"column":null}}},"1":{"name":"(anonymous_1)","decl":{"start":{"line":8,"column":12},"end":{"line":8,"column":18}},"loc":{"start":{"line":8,"column":18},"end":{"line":13,"column":5}}},"2":{"name":"(anonymous_2)","decl":{"start":{"line":9,"column":48},"end":{"line":9,"column":49}},"loc":{"start":{"line":9,"column":58},"end":{"line":11,"column":5}}},"3":{"name":"(anonymous_3)","decl":{"start":{"line":12,"column":11},"end":{"line":12,"column":17}},"loc":{"start":{"line":12,"column":17},"end":{"line":12,"column":null}}},"4":{"name":"(anonymous_4)","decl":{"start":{"line":15,"column":28},"end":{"line":15,"column":40}},"loc":{"start":{"line":15,"column":40},"end":{"line":18,"column":null}}},"5":{"name":"(anonymous_5)","decl":{"start":{"line":20,"column":28},"end":{"line":20,"column":40}},"loc":{"start":{"line":20,"column":40},"end":{"line":23,"column":null}}},"6":{"name":"(anonymous_6)","decl":{"start":{"line":25,"column":23},"end":{"line":25,"column":35}},"loc":{"start":{"line":25,"column":35},"end":{"line":27,"column":null}}}},"branchMap":{"0":{"loc":{"start":{"line":31,"column":7},"end":{"line":55,"column":null}},"type":"cond-expr","locations":[{"start":{"line":32,"column":8},"end":{"line":40,"column":null}},{"start":{"line":42,"column":8},"end":{"line":55,"column":null}}]}},"s":{"0":1,"1":7,"2":7,"3":5,"4":5,"5":5,"6":5,"7":7,"8":1,"9":1,"10":7,"11":1,"12":1,"13":7,"14":1,"15":7},"f":{"0":7,"1":5,"2":5,"3":5,"4":1,"5":1,"6":1},"b":{"0":[2,5]}}
,"C:/Users/ThinkPad T480/Desktop/VS code proyectos/weather-app/src/components/Login.tsx": {"path":"C:/Users/ThinkPad T480/Desktop/VS code proyectos/weather-app/src/components/Login.tsx","statementMap":{"0":{"start":{"line":7,"column":14},"end":{"line":76,"column":null}},"1":{"start":{"line":8,"column":22},"end":{"line":8,"column":null}},"2":{"start":{"line":9,"column":19},"end":{"line":9,"column":null}},"3":{"start":{"line":11,"column":2},"end":{"line":21,"column":null}},"4":{"start":{"line":12,"column":24},"end":{"line":19,"column":null}},"5":{"start":{"line":13,"column":6},"end":{"line":18,"column":null}},"6":{"start":{"line":14,"column":8},"end":{"line":14,"column":null}},"7":{"start":{"line":15,"column":8},"end":{"line":15,"column":null}},"8":{"start":{"line":17,"column":8},"end":{"line":17,"column":null}},"9":{"start":{"line":20,"column":4},"end":{"line":20,"column":null}},"10":{"start":{"line":20,"column":17},"end":{"line":20,"column":null}},"11":{"start":{"line":23,"column":28},"end":{"line":30,"column":null}},"12":{"start":{"line":24,"column":21},"end":{"line":24,"column":null}},"13":{"start":{"line":25,"column":4},"end":{"line":29,"column":null}},"14":{"start":{"line":26,"column":6},"end":{"line":26,"column":null}},"15":{"start":{"line":28,"column":6},"end":{"line":28,"column":null}},"16":{"start":{"line":32,"column":28},"end":{"line":39,"column":null}},"17":{"start":{"line":33,"column":21},"end":{"line":33,"column":null}},"18":{"start":{"line":34,"column":4},"end":{"line":38,"column":null}},"19":{"start":{"line":35,"column":6},"end":{"line":35,"column":null}},"20":{"start":{"line":37,"column":6},"end":{"line":37,"column":null}},"21":{"start":{"line":41,"column":2},"end":{"line":74,"column":null}}},"fnMap":{"0":{"name":"(anonymous_0)","decl":{"start":{"line":7,"column":14},"end":{"line":7,"column":20}},"loc":{"start":{"line":7,"column":20},"end":{"line":76,"column":null}}},"1":{"name":"(anonymous_1)","decl":{"start":{"line":11,"column":12},"end":{"line":11,"column":18}},"loc":{"start":{"line":11,"column":18},"end":{"line":21,"column":5}}},"2":{"name":"(anonymous_2)","decl":{"start":{"line":12,"column":48},"end":{"line":12,"column":49}},"loc":{"start":{"line":12,"column":58},"end":{"line":19,"column":5}}},"3":{"name":"(anonymous_3)","decl":{"start":{"line":20,"column":11},"end":{"line":20,"column":17}},"loc":{"start":{"line":20,"column":17},"end":{"line":20,"column":null}}},"4":{"name":"(anonymous_4)","decl":{"start":{"line":23,"column":28},"end":{"line":23,"column":40}},"loc":{"start":{"line":23,"column":40},"end":{"line":30,"column":null}}},"5":{"name":"(anonymous_5)","decl":{"start":{"line":32,"column":28},"end":{"line":32,"column":40}},"loc":{"start":{"line":32,"column":40},"end":{"line":39,"column":null}}}},"branchMap":{"0":{"loc":{"start":{"line":13,"column":6},"end":{"line":18,"column":null}},"type":"if","locations":[{"start":{"line":13,"column":6},"end":{"line":18,"column":null}},{"start":{"line":16,"column":13},"end":{"line":18,"column":null}}]}},"s":{"0":1,"1":5,"2":5,"3":5,"4":4,"5":4,"6":1,"7":1,"8":3,"9":4,"10":4,"11":5,"12":1,"13":1,"14":1,"15":0,"16":5,"17":1,"18":1,"19":1,"20":0,"21":5},"f":{"0":5,"1":4,"2":4,"3":4,"4":1,"5":1},"b":{"0":[1,3]}}
,"C:/Users/ThinkPad T480/Desktop/VS code proyectos/weather-app/src/components/WeatherApp.tsx": {"path":"C:/Users/ThinkPad T480/Desktop/VS code proyectos/weather-app/src/components/WeatherApp.tsx","statementMap":{"0":{"start":{"line":13,"column":19},"end":{"line":236,"column":null}},"1":{"start":{"line":14,"column":26},"end":{"line":14,"column":null}},"2":{"start":{"line":23,"column":32},"end":{"line":23,"column":null}},"3":{"start":{"line":30,"column":34},"end":{"line":30,"column":null}},"4":{"start":{"line":31,"column":32},"end":{"line":31,"column":null}},"5":{"start":{"line":32,"column":28},"end":{"line":32,"column":null}},"6":{"start":{"line":33,"column":36},"end":{"line":33,"column":null}},"7":{"start":{"line":34,"column":36},"end":{"line":34,"column":null}},"8":{"start":{"line":37,"column":29},"end":{"line":51,"column":null}},"9":{"start":{"line":38,"column":4},"end":{"line":50,"column":null}},"10":{"start":{"line":39,"column":6},"end":{"line":39,"column":null}},"11":{"start":{"line":40,"column":4},"end":{"line":50,"column":null}},"12":{"start":{"line":41,"column":6},"end":{"line":41,"column":null}},"13":{"start":{"line":42,"column":4},"end":{"line":50,"column":null}},"14":{"start":{"line":43,"column":6},"end":{"line":43,"column":null}},"15":{"start":{"line":44,"column":4},"end":{"line":50,"column":null}},"16":{"start":{"line":45,"column":6},"end":{"line":45,"column":null}},"17":{"start":{"line":46,"column":4},"end":{"line":50,"column":null}},"18":{"start":{"line":47,"column":6},"end":{"line":47,"column":null}},"19":{"start":{"line":49,"column":6},"end":{"line":49,"column":null}},"20":{"start":{"line":54,"column":2},"end":{"line":81,"column":null}},"21":{"start":{"line":55,"column":4},"end":{"line":55,"column":null}},"22":{"start":{"line":56,"column":4},"end":{"line":80,"column":null}},"23":{"start":{"line":57,"column":6},"end":{"line":76,"column":null}},"24":{"start":{"line":59,"column":42},"end":{"line":59,"column":null}},"25":{"start":{"line":60,"column":10},"end":{"line":70,"column":null}},"26":{"start":{"line":61,"column":32},"end":{"line":61,"column":null}},"27":{"start":{"line":62,"column":33},"end":{"line":62,"column":null}},"28":{"start":{"line":63,"column":12},"end":{"line":63,"column":null}},"29":{"start":{"line":64,"column":12},"end":{"line":64,"column":null}},"30":{"start":{"line":65,"column":12},"end":{"line":65,"column":null}},"31":{"start":{"line":67,"column":12},"end":{"line":67,"column":null}},"32":{"start":{"line":69,"column":12},"end":{"line":69,"column":null}},"33":{"start":{"line":73,"column":10},"end":{"line":73,"column":null}},"34":{"start":{"line":74,"column":10},"end":{"line":74,"column":null}},"35":{"start":{"line":78,"column":6},"end":{"line":78,"column":null}},"36":{"start":{"line":79,"column":6},"end":{"line":79,"column":null}},"37":{"start":{"line":83,"column":23},"end":{"line":99,"column":null}},"38":{"start":{"line":84,"column":4},"end":{"line":84,"column":null}},"39":{"start":{"line":84,"column":15},"end":{"line":84,"column":null}},"40":{"start":{"line":85,"column":4},"end":{"line":85,"column":null}},"41":{"start":{"line":86,"column":4},"end":{"line":98,"column":null}},"42":{"start":{"line":87,"column":26},"end":{"line":87,"column":null}},"43":{"start":{"line":88,"column":27},"end":{"line":88,"column":null}},"44":{"start":{"line":89,"column":20},"end":{"line":89,"column":null}},"45":{"start":{"line":90,"column":6},"end":{"line":90,"column":null}},"46":{"start":{"line":91,"column":6},"end":{"line":91,"column":null}},"47":{"start":{"line":92,"column":6},"end":{"line":92,"column":null}},"48":{"start":{"line":93,"column":6},"end":{"line":93,"column":null}},"49":{"start":{"line":95,"column":6},"end":{"line":95,"column":null}},"50":{"start":{"line":97,"column":6},"end":{"line":97,"column":null}},"51":{"start":{"line":101,"column":2},"end":{"line":234,"column":null}},"52":{"start":{"line":134,"column":29},"end":{"line":134,"column":null}},"53":{"start":{"line":149,"column":29},"end":{"line":149,"column":null}},"54":{"start":{"line":203,"column":16},"end":{"line":228,"column":null}}},"fnMap":{"0":{"name":"(anonymous_0)","decl":{"start":{"line":13,"column":19},"end":{"line":13,"column":20}},"loc":{"start":{"line":13,"column":64},"end":{"line":236,"column":null}}},"1":{"name":"(anonymous_1)","decl":{"start":{"line":37,"column":29},"end":{"line":37,"column":30}},"loc":{"start":{"line":37,"column":47},"end":{"line":51,"column":null}}},"2":{"name":"(anonymous_2)","decl":{"start":{"line":54,"column":12},"end":{"line":54,"column":18}},"loc":{"start":{"line":54,"column":18},"end":{"line":81,"column":5}}},"3":{"name":"(anonymous_3)","decl":{"start":{"line":58,"column":8},"end":{"line":58,"column":15}},"loc":{"start":{"line":58,"column":28},"end":{"line":71,"column":null}}},"4":{"name":"(anonymous_4)","decl":{"start":{"line":72,"column":8},"end":{"line":72,"column":14}},"loc":{"start":{"line":72,"column":14},"end":{"line":75,"column":null}}},"5":{"name":"(anonymous_5)","decl":{"start":{"line":83,"column":23},"end":{"line":83,"column":35}},"loc":{"start":{"line":83,"column":35},"end":{"line":99,"column":null}}},"6":{"name":"(anonymous_6)","decl":{"start":{"line":134,"column":23},"end":{"line":134,"column":29}},"loc":{"start":{"line":134,"column":29},"end":{"line":134,"column":null}}},"7":{"name":"(anonymous_7)","decl":{"start":{"line":149,"column":22},"end":{"line":149,"column":23}},"loc":{"start":{"line":149,"column":29},"end":{"line":149,"column":null}}},"8":{"name":"(anonymous_8)","decl":{"start":{"line":202,"column":28},"end":{"line":202,"column":29}},"loc":{"start":{"line":203,"column":16},"end":{"line":228,"column":null}}}},"branchMap":{"0":{"loc":{"start":{"line":38,"column":4},"end":{"line":50,"column":null}},"type":"if","locations":[{"start":{"line":38,"column":4},"end":{"line":50,"column":null}},{"start":{"line":40,"column":4},"end":{"line":50,"column":null}}]},"1":{"loc":{"start":{"line":38,"column":8},"end":{"line":38,"column":42}},"type":"binary-expr","locations":[{"start":{"line":38,"column":8},"end":{"line":38,"column":26}},{"start":{"line":38,"column":26},"end":{"line":38,"column":42}}]},"2":{"loc":{"start":{"line":40,"column":4},"end":{"line":50,"column":null}},"type":"if","locations":[{"start":{"line":40,"column":4},"end":{"line":50,"column":null}},{"start":{"line":42,"column":4},"end":{"line":50,"column":null}}]},"3":{"loc":{"start":{"line":40,"column":15},"end":{"line":40,"column":88}},"type":"binary-expr","locations":[{"start":{"line":40,"column":15},"end":{"line":40,"column":40}},{"start":{"line":40,"column":40},"end":{"line":40,"column":65}},{"start":{"line":40,"column":65},"end":{"line":40,"column":88}}]},"4":{"loc":{"start":{"line":42,"column":4},"end":{"line":50,"column":null}},"type":"if","locations":[{"start":{"line":42,"column":4},"end":{"line":50,"column":null}},{"start":{"line":44,"column":4},"end":{"line":50,"column":null}}]},"5":{"loc":{"start":{"line":42,"column":15},"end":{"line":42,"column":63}},"type":"binary-expr","locations":[{"start":{"line":42,"column":15},"end":{"line":42,"column":40}},{"start":{"line":42,"column":40},"end":{"line":42,"column":63}}]},"6":{"loc":{"start":{"line":44,"column":4},"end":{"line":50,"column":null}},"type":"if","locations":[{"start":{"line":44,"column":4},"end":{"line":50,"column":null}},{"start":{"line":46,"column":4},"end":{"line":50,"column":null}}]},"7":{"loc":{"start":{"line":46,"column":4},"end":{"line":50,"column":null}},"type":"if","locations":[{"start":{"line":46,"column":4},"end":{"line":50,"column":null}},{"start":{"line":48,"column":11},"end":{"line":50,"column":null}}]},"8":{"loc":{"start":{"line":56,"column":4},"end":{"line":80,"column":null}},"type":"if","locations":[{"start":{"line":56,"column":4},"end":{"line":80,"column":null}},{"start":{"line":77,"column":11},"end":{"line":80,"column":null}}]},"9":{"loc":{"start":{"line":84,"column":4},"end":{"line":84,"column":null}},"type":"if","locations":[{"start":{"line":84,"column":4},"end":{"line":84,"column":null}},{"start":{},"end":{}}]},"10":{"loc":{"start":{"line":104,"column":8},"end":{"line":104,"column":null}},"type":"cond-expr","locations":[{"start":{"line":104,"column":18},"end":{"line":104,"column":64}},{"start":{"line":104,"column":64},"end":{"line":104,"column":null}}]},"11":{"loc":{"start":{"line":108,"column":7},"end":{"line":139,"column":null}},"type":"binary-expr","locations":[{"start":{"line":108,"column":7},"end":{"line":108,"column":null}},{"start":{"line":109,"column":8},"end":{"line":139,"column":null}}]},"12":{"loc":{"start":{"line":120,"column":13},"end":{"line":127,"column":null}},"type":"binary-expr","locations":[{"start":{"line":120,"column":13},"end":{"line":120,"column":null}},{"start":{"line":121,"column":14},"end":{"line":127,"column":null}}]},"13":{"loc":{"start":{"line":122,"column":17},"end":{"line":125,"column":null}},"type":"cond-expr","locations":[{"start":{"line":123,"column":18},"end":{"line":123,"column":null}},{"start":{"line":125,"column":18},"end":{"line":125,"column":null}}]},"14":{"loc":{"start":{"line":131,"column":11},"end":{"line":137,"column":null}},"type":"binary-expr","locations":[{"start":{"line":131,"column":11},"end":{"line":131,"column":null}},{"start":{"line":132,"column":12},"end":{"line":137,"column":null}}]},"15":{"loc":{"start":{"line":157,"column":13},"end":{"line":157,"column":null}},"type":"cond-expr","locations":[{"start":{"line":157,"column":23},"end":{"line":157,"column":39}},{"start":{"line":157,"column":39},"end":{"line":157,"column":null}}]},"16":{"loc":{"start":{"line":160,"column":9},"end":{"line":160,"column":null}},"type":"binary-expr","locations":[{"start":{"line":160,"column":9},"end":{"line":160,"column":18}},{"start":{"line":160,"column":18},"end":{"line":160,"column":null}}]},"17":{"loc":{"start":{"line":161,"column":9},"end":{"line":195,"column":null}},"type":"binary-expr","locations":[{"start":{"line":161,"column":9},"end":{"line":161,"column":null}},{"start":{"line":162,"column":10},"end":{"line":195,"column":null}}]},"18":{"loc":{"start":{"line":162,"column":34},"end":{"line":162,"column":101}},"type":"cond-expr","locations":[{"start":{"line":162,"column":46},"end":{"line":162,"column":88}},{"start":{"line":162,"column":88},"end":{"line":162,"column":101}}]},"19":{"loc":{"start":{"line":186,"column":13},"end":{"line":193,"column":null}},"type":"binary-expr","locations":[{"start":{"line":186,"column":13},"end":{"line":186,"column":null}},{"start":{"line":187,"column":14},"end":{"line":193,"column":null}}]},"20":{"loc":{"start":{"line":198,"column":9},"end":{"line":231,"column":null}},"type":"binary-expr","locations":[{"start":{"line":198,"column":9},"end":{"line":198,"column":null}},{"start":{"line":199,"column":10},"end":{"line":231,"column":null}}]}},"s":{"0":1,"1":14,"2":14,"3":14,"4":14,"5":14,"6":14,"7":14,"8":14,"9":1,"10":1,"11":0,"12":0,"13":0,"14":0,"15":0,"16":0,"17":0,"18":0,"19":0,"20":14,"21":4,"22":4,"23":0,"24":0,"25":0,"26":0,"27":0,"28":0,"29":0,"30":0,"31":0,"32":0,"33":0,"34":0,"35":4,"36":4,"37":14,"38":2,"39":0,"40":2,"41":2,"42":2,"43":1,"44":1,"45":1,"46":1,"47":1,"48":1,"49":1,"50":2,"51":14,"52":0,"53":2,"54":1},"f":{"0":14,"1":1,"2":4,"3":0,"4":0,"5":2,"6":0,"7":2,"8":1},"b":{"0":[1,0],"1":[1,0],"2":[0,0],"3":[0,0,0],"4":[0,0],"5":[0,0],"6":[0,0],"7":[0,0],"8":[0,4],"9":[0,2],"10":[1,13],"11":[14,14],"12":[14,0],"13":[0,0],"14":[14,0],"15":[2,12],"16":[14,9],"17":[14,1],"18":[1,0],"19":[1,1],"20":[14,1]}}
,"C:/Users/ThinkPad T480/Desktop/VS code proyectos/weather-app/src/components/WeatherIcon.tsx": {"path":"C:/Users/ThinkPad T480/Desktop/VS code proyectos/weather-app/src/components/WeatherIcon.tsx","statementMap":{"0":{"start":{"line":7,"column":20},"end":{"line":25,"column":null}},"1":{"start":{"line":8,"column":2},"end":{"line":24,"column":null}},"2":{"start":{"line":9,"column":4},"end":{"line":9,"column":null}},"3":{"start":{"line":10,"column":2},"end":{"line":24,"column":null}},"4":{"start":{"line":11,"column":4},"end":{"line":11,"column":null}},"5":{"start":{"line":12,"column":2},"end":{"line":24,"column":null}},"6":{"start":{"line":13,"column":4},"end":{"line":13,"column":null}},"7":{"start":{"line":14,"column":2},"end":{"line":24,"column":null}},"8":{"start":{"line":15,"column":4},"end":{"line":15,"column":null}},"9":{"start":{"line":16,"column":2},"end":{"line":24,"column":null}},"10":{"start":{"line":17,"column":4},"end":{"line":17,"column":null}},"11":{"start":{"line":18,"column":2},"end":{"line":24,"column":null}},"12":{"start":{"line":19,"column":4},"end":{"line":19,"column":null}},"13":{"start":{"line":20,"column":2},"end":{"line":24,"column":null}},"14":{"start":{"line":21,"column":4},"end":{"line":21,"column":null}},"15":{"start":{"line":23,"column":4},"end":{"line":23,"column":null}}},"fnMap":{"0":{"name":"(anonymous_0)","decl":{"start":{"line":7,"column":20},"end":{"line":7,"column":21}},"loc":{"start":{"line":7,"column":52},"end":{"line":25,"column":null}}}},"branchMap":{"0":{"loc":{"start":{"line":8,"column":2},"end":{"line":24,"column":null}},"type":"if","locations":[{"start":{"line":8,"column":2},"end":{"line":24,"column":null}},{"start":{"line":10,"column":2},"end":{"line":24,"column":null}}]},"1":{"loc":{"start":{"line":8,"column":6},"end":{"line":8,"column":40}},"type":"binary-expr","locations":[{"start":{"line":8,"column":6},"end":{"line":8,"column":24}},{"start":{"line":8,"column":24},"end":{"line":8,"column":40}}]},"2":{"loc":{"start":{"line":10,"column":2},"end":{"line":24,"column":null}},"type":"if","locations":[{"start":{"line":10,"column":2},"end":{"line":24,"column":null}},{"start":{"line":12,"column":2},"end":{"line":24,"column":null}}]},"3":{"loc":{"start":{"line":10,"column":13},"end":{"line":10,"column":47}},"type":"binary-expr","locations":[{"start":{"line":10,"column":13},"end":{"line":10,"column":31}},{"start":{"line":10,"column":31},"end":{"line":10,"column":47}}]},"4":{"loc":{"start":{"line":12,"column":2},"end":{"line":24,"column":null}},"type":"if","locations":[{"start":{"line":12,"column":2},"end":{"line":24,"column":null}},{"start":{"line":14,"column":2},"end":{"line":24,"column":null}}]},"5":{"loc":{"start":{"line":12,"column":13},"end":{"line":12,"column":61}},"type":"binary-expr","locations":[{"start":{"line":12,"column":13},"end":{"line":12,"column":38}},{"start":{"line":12,"column":38},"end":{"line":12,"column":61}}]},"6":{"loc":{"start":{"line":14,"column":2},"end":{"line":24,"column":null}},"type":"if","locations":[{"start":{"line":14,"column":2},"end":{"line":24,"column":null}},{"start":{"line":16,"column":2},"end":{"line":24,"column":null}}]},"7":{"loc":{"start":{"line":14,"column":13},"end":{"line":14,"column":61}},"type":"binary-expr","locations":[{"start":{"line":14,"column":13},"end":{"line":14,"column":38}},{"start":{"line":14,"column":38},"end":{"line":14,"column":61}}]},"8":{"loc":{"start":{"line":16,"column":2},"end":{"line":24,"column":null}},"type":"if","locations":[{"start":{"line":16,"column":2},"end":{"line":24,"column":null}},{"start":{"line":18,"column":2},"end":{"line":24,"column":null}}]},"9":{"loc":{"start":{"line":18,"column":2},"end":{"line":24,"column":null}},"type":"if","locations":[{"start":{"line":18,"column":2},"end":{"line":24,"column":null}},{"start":{"line":20,"column":2},"end":{"line":24,"column":null}}]},"10":{"loc":{"start":{"line":20,"column":2},"end":{"line":24,"column":null}},"type":"if","locations":[{"start":{"line":20,"column":2},"end":{"line":24,"column":null}},{"start":{"line":22,"column":9},"end":{"line":24,"column":null}}]}},"s":{"0":2,"1":14,"2":4,"3":10,"4":2,"5":8,"6":2,"7":6,"8":2,"9":4,"10":1,"11":3,"12":1,"13":2,"14":1,"15":1},"f":{"0":14},"b":{"0":[4,10],"1":[14,11],"2":[2,8],"3":[10,9],"4":[2,6],"5":[8,7],"6":[2,4],"7":[6,5],"8":[1,3],"9":[1,2],"10":[1,1]}}
,"C:/Users/ThinkPad T480/Desktop/VS code proyectos/weather-app/src/lib/utils.ts": {"path":"C:/Users/ThinkPad T480/Desktop/VS code proyectos/weather-app/src/lib/utils.ts","statementMap":{"0":{"start":{"line":5,"column":2},"end":{"line":5,"column":null}}},"fnMap":{"0":{"name":"cn","decl":{"start":{"line":4,"column":16},"end":{"line":4,"column":22}},"loc":{"start":{"line":4,"column":44},"end":{"line":6,"column":null}}}},"branchMap":{},"s":{"0":0},"f":{"0":0},"b":{}}
,"C:/Users/ThinkPad T480/Desktop/VS code proyectos/weather-app/src/services/WeatherService.tsx": {"path":"C:/Users/ThinkPad T480/Desktop/VS code proyectos/weather-app/src/services/WeatherService.tsx","statementMap":{"0":{"start":{"line":3,"column":16},"end":{"line":3,"column":null}},"1":{"start":{"line":4,"column":17},"end":{"line":4,"column":null}},"2":{"start":{"line":5,"column":21},"end":{"line":5,"column":null}},"3":{"start":{"line":7,"column":32},"end":{"line":17,"column":null}},"4":{"start":{"line":8,"column":19},"end":{"line":15,"column":null}},"5":{"start":{"line":16,"column":2},"end":{"line":16,"column":null}},"6":{"start":{"line":19,"column":34},"end":{"line":30,"column":null}},"7":{"start":{"line":20,"column":19},"end":{"line":28,"column":null}},"8":{"start":{"line":29,"column":2},"end":{"line":29,"column":null}},"9":{"start":{"line":32,"column":27},"end":{"line":44,"column":null}},"10":{"start":{"line":33,"column":19},"end":{"line":42,"column":null}},"11":{"start":{"line":43,"column":2},"end":{"line":43,"column":null}}},"fnMap":{"0":{"name":"(anonymous_0)","decl":{"start":{"line":7,"column":32},"end":{"line":7,"column":39}},"loc":{"start":{"line":7,"column":56},"end":{"line":17,"column":null}}},"1":{"name":"(anonymous_1)","decl":{"start":{"line":19,"column":34},"end":{"line":19,"column":41}},"loc":{"start":{"line":19,"column":70},"end":{"line":30,"column":null}}},"2":{"name":"(anonymous_2)","decl":{"start":{"line":32,"column":27},"end":{"line":32,"column":34}},"loc":{"start":{"line":32,"column":63},"end":{"line":44,"column":null}}}},"branchMap":{},"s":{"0":2,"1":2,"2":2,"3":2,"4":2,"5":1,"6":2,"7":2,"8":1,"9":2,"10":2,"11":1},"f":{"0":2,"1":2,"2":2},"b":{}}
,"C:/Users/ThinkPad T480/Desktop/VS code proyectos/weather-app/src/services/unsplashService.ts": {"path":"C:/Users/ThinkPad T480/Desktop/VS code proyectos/weather-app/src/services/unsplashService.ts","statementMap":{"0":{"start":{"line":3,"column":25},"end":{"line":3,"column":null}},"1":{"start":{"line":5,"column":28},"end":{"line":14,"column":null}},"2":{"start":{"line":6,"column":19},"end":{"line":12,"column":null}},"3":{"start":{"line":13,"column":2},"end":{"line":13,"column":null}}},"fnMap":{"0":{"name":"(anonymous_0)","decl":{"start":{"line":5,"column":28},"end":{"line":5,"column":35}},"loc":{"start":{"line":5,"column":52},"end":{"line":14,"column":null}}}},"branchMap":{"0":{"loc":{"start":{"line":13,"column":9},"end":{"line":13,"column":null}},"type":"binary-expr","locations":[{"start":{"line":13,"column":9},"end":{"line":13,"column":52}},{"start":{"line":13,"column":52},"end":{"line":13,"column":null}}]}},"s":{"0":2,"1":2,"2":0,"3":0},"f":{"0":0},"b":{"0":[0,0]}}
,"C:/Users/ThinkPad T480/Desktop/VS code proyectos/weather-app/src/utils/translateWeather.ts": {"path":"C:/Users/ThinkPad T480/Desktop/VS code proyectos/weather-app/src/utils/translateWeather.ts","statementMap":{"0":{"start":{"line":1,"column":32},"end":{"line":15,"column":null}},"1":{"start":{"line":2,"column":52},"end":{"line":13,"column":null}},"2":{"start":{"line":14,"column":4},"end":{"line":14,"column":null}}},"fnMap":{"0":{"name":"(anonymous_0)","decl":{"start":{"line":1,"column":32},"end":{"line":1,"column":33}},"loc":{"start":{"line":1,"column":57},"end":{"line":15,"column":null}}}},"branchMap":{"0":{"loc":{"start":{"line":14,"column":11},"end":{"line":14,"column":null}},"type":"binary-expr","locations":[{"start":{"line":14,"column":11},"end":{"line":14,"column":40}},{"start":{"line":14,"column":40},"end":{"line":14,"column":null}}]}},"s":{"0":2,"1":13,"2":13},"f":{"0":13},"b":{"0":[13,1]}}
}
